<?xml version="1.0" encoding="UTF-8"?>
<!-- Generated by org.testng.reporters.JUnitReportReporter -->
<testsuite skipped="0" hostname="DineshkumarsMBP.home" name="com.qa.httptests.DeleteAPITestCase" tests="1" failures="0" timestamp="01 Jan 2019 09:34:14 GMT" time="0.821" errors="0">
  <testcase name="deleteAPItest" time="0.821" classname="com.qa.httptests.DeleteAPITestCase"/>
</testsuite> <!-- com.qa.httptests.DeleteAPITestCase -->
