<?xml version="1.0" encoding="UTF-8"?>
<!-- Generated by org.testng.reporters.JUnitReportReporter -->
<testsuite skipped="0" hostname="DineshkumarsMBP.home" name="com.qa.httptests.PostAPITestCase" tests="1" failures="0" timestamp="01 Jan 2019 09:34:14 GMT" time="0.527" errors="0">
  <testcase name="postAPItest" time="0.527" classname="com.qa.httptests.PostAPITestCase"/>
</testsuite> <!-- com.qa.httptests.PostAPITestCase -->
