<?xml version="1.0" encoding="UTF-8"?>
<!-- Generated by org.testng.reporters.JUnitReportReporter -->
<testsuite skipped="0" hostname="DineshkumarsMBP.home" name="com.qa.httptests.GetAPITestCase" tests="1" failures="0" timestamp="01 Jan 2019 09:34:14 GMT" time="3.476" errors="0">
  <testcase name="getAPITest" time="3.476" classname="com.qa.httptests.GetAPITestCase"/>
</testsuite> <!-- com.qa.httptests.GetAPITestCase -->
