<?xml version="1.0" encoding="UTF-8"?>
<!-- Generated by org.testng.reporters.JUnitReportReporter -->
<testsuite skipped="0" hostname="DineshkumarsMBP.home" name="com.qa.httptests.PutAPITestCase" tests="1" failures="0" timestamp="01 Jan 2019 09:34:14 GMT" time="0.305" errors="0">
  <testcase name="putAPItest" time="0.305" classname="com.qa.httptests.PutAPITestCase"/>
</testsuite> <!-- com.qa.httptests.PutAPITestCase -->
